INFO:sim:172 - Generating IP...
Applying current project options...
Finished applying current project options.
WARNING:sim - A core named 'ethernet_FIFO' already exists in the project. Output
   products for this core may be overwritten.
Resolving generics for 'ethernet_FIFO'...
WARNING:sim - A core named 'ethernet_FIFO' already exists in the project. Output
   products for this core may be overwritten.
Applying external generics to 'ethernet_FIFO'...
Delivering associated files for 'ethernet_FIFO'...
Delivering EJava files for 'ethernet_FIFO'...
Generating implementation netlist for 'ethernet_FIFO'...
INFO:sim - Pre-processing HDL files for 'ethernet_FIFO'...
WARNING:sim - BlackBox generator run option '-ifmt' found multiple times. Only
   the first occurence is considered.
Running synthesis for 'ethernet_FIFO'
Running ngcbuild...
Writing VHO instantiation template for 'ethernet_FIFO'...
Writing VHDL behavioral simulation model for 'ethernet_FIFO'...
WARNING:sim - Overwriting existing file
   D:/cbradford/PulsePerPackage/GEL_CAPTAN/ipcore_dir/tmp/_cg/ethernet_FIFO/doc/
   fifo_generator_v9_3_vinfo.html with file from view xilinx_documentation
Delivered 3 files into directory
D:/cbradford/PulsePerPackage/GEL_CAPTAN/ipcore_dir/tmp/_cg/ethernet_FIFO
Delivered 1 file into directory
D:/cbradford/PulsePerPackage/GEL_CAPTAN/ipcore_dir/tmp/_cg/ethernet_FIFO
Generating ASY schematic symbol...
INFO:sim:949 - Finished generation of ASY schematic symbol.
Generating SYM schematic symbol for 'ethernet_FIFO'...
Generating metadata file...
Regenerating ISE project file for 'ethernet_FIFO'...
Generating ISE project...
XCO file found: ethernet_FIFO.xco
XMDF file found: ethernet_FIFO_xmdf.tcl
Adding
D:/cbradford/PulsePerPackage/GEL_CAPTAN/ipcore_dir/tmp/_cg/ethernet_FIFO.asy
-view all -origin_type imported
Adding
D:/cbradford/PulsePerPackage/GEL_CAPTAN/ipcore_dir/tmp/_cg/ethernet_FIFO.ngc
-view all -origin_type created
Checking file
"D:/cbradford/PulsePerPackage/GEL_CAPTAN/ipcore_dir/tmp/_cg/ethernet_FIFO.ngc"
for project device match ...
File
"D:/cbradford/PulsePerPackage/GEL_CAPTAN/ipcore_dir/tmp/_cg/ethernet_FIFO.ngc"
device information matches project device.
Adding
D:/cbradford/PulsePerPackage/GEL_CAPTAN/ipcore_dir/tmp/_cg/ethernet_FIFO.sym
-view all -origin_type imported
Adding
D:/cbradford/PulsePerPackage/GEL_CAPTAN/ipcore_dir/tmp/_cg/ethernet_FIFO.vhd
-view all -origin_type created
INFO:HDLCompiler:1061 - Parsing VHDL file
   "D:/cbradford/PulsePerPackage/GEL_CAPTAN/ipcore_dir/tmp/_cg/ethernet_FIFO.vhd
   " into library work
INFO:ProjectMgmt - Parsing design hierarchy completed successfully.
Adding
D:/cbradford/PulsePerPackage/GEL_CAPTAN/ipcore_dir/tmp/_cg/ethernet_FIFO.vho
-view all -origin_type imported
INFO:TclTasksC:2116 - The automatic calculation of top has been turned-off.
   Please set the new top explicitly by running the "project set top" command.
   To re-calculate the new top automatically, set the "Auto Implementation Top"
   property to true.
Top level has been set to "/ethernet_FIFO"
Generating README file...
Generating FLIST file...
INFO:sim:948 - Finished FLIST file generation.
Launching README viewer...
Moving files to output directory...
Finished moving files to output directory
Wrote CGP file for project 'ethernet_FIFO'.
